INFO 2025-05-02 23:49:01,553 api_client API Client initialized with base URL: http://localhost:5000
INFO 2025-05-02 23:49:01,826 api_client API Client initialized with base URL: http://localhost:5000
INFO 2025-05-02 23:49:12,873 api_client API Client initialized with base URL: http://localhost:5000
INFO 2025-05-02 23:49:13,109 api_client API Client initialized with base URL: http://localhost:5000
INFO 2025-05-02 23:51:00,410 api_client Making POST request to http://localhost:5000/api/login
DEBUG 2025-05-02 23:51:00,410 api_client Request data: {'email': 'naitik@gmail.com', 'password': 'naitik123', 'role': 'user'}
INFO 2025-05-02 23:51:03,166 api_client Response status code: 200
DEBUG 2025-05-02 23:51:03,166 api_client Response content: {
  "message": "Login successful",
  "role": "user",
  "user_id": 2,
  "username": "Naitik"
}

INFO 2025-05-02 23:52:18,781 api_client API Client initialized with base URL: http://localhost:5000
INFO 2025-05-02 23:52:18,819 api_client API Client initialized with base URL: http://localhost:5000
INFO 2025-05-02 23:52:48,421 api_client Making POST request to http://localhost:5000/api/login
DEBUG 2025-05-02 23:52:48,422 api_client Request data: {'email': 'naitik@gmail.com', 'password': 'naitik123', 'role': 'user'}
INFO 2025-05-02 23:52:51,249 api_client Response status code: 200
DEBUG 2025-05-02 23:52:51,249 api_client Response content: {
  "message": "Login successful",
  "role": "user",
  "user_id": 2,
  "username": "Naitik"
}

INFO 2025-05-02 23:53:19,673 api_client Making POST request to http://localhost:5000/api/login
DEBUG 2025-05-02 23:53:19,673 api_client Request data: {'email': 'naitik@gmail.com', 'password': 'naitik123', 'role': 'user'}
INFO 2025-05-02 23:53:22,369 api_client Response status code: 200
DEBUG 2025-05-02 23:53:22,372 api_client Response content: {
  "message": "Login successful",
  "role": "user",
  "user_id": 2,
  "username": "Naitik"
}

INFO 2025-05-02 23:54:00,678 api_client API Client initialized with base URL: http://localhost:5000
INFO 2025-05-02 23:54:00,887 api_client API Client initialized with base URL: http://localhost:5000
INFO 2025-05-02 23:54:06,364 api_client API Client initialized with base URL: http://localhost:5000
INFO 2025-05-02 23:54:06,825 api_client API Client initialized with base URL: http://localhost:5000
INFO 2025-05-02 23:54:27,125 api_client Making POST request to http://localhost:5000/api/login
DEBUG 2025-05-02 23:54:27,125 api_client Request data: {'email': 'naitik@gmail.com', 'password': 'naitik123', 'role': 'user'}
INFO 2025-05-02 23:54:30,007 api_client Response status code: 200
DEBUG 2025-05-02 23:54:30,007 api_client Response content: {
  "message": "Login successful",
  "role": "user",
  "user_id": 2,
  "username": "Naitik"
}

INFO 2025-05-02 23:55:53,939 api_client API Client initialized with base URL: http://localhost:5000
INFO 2025-05-02 23:55:54,671 api_client API Client initialized with base URL: http://localhost:5000
INFO 2025-05-02 23:56:22,172 api_client API Client initialized with base URL: http://localhost:5000
INFO 2025-05-02 23:56:22,616 api_client API Client initialized with base URL: http://localhost:5000
INFO 2025-05-02 23:56:42,654 api_client Making POST request to http://localhost:5000/api/login
DEBUG 2025-05-02 23:56:42,656 api_client Request data: {'email': 'naitik@gmail.com', 'password': 'naitik123', 'role': 'user'}
INFO 2025-05-02 23:56:45,508 api_client Response status code: 200
DEBUG 2025-05-02 23:56:45,510 api_client Response content: {
  "message": "Login successful",
  "role": "user",
  "user_id": 2,
  "username": "Naitik"
}

INFO 2025-05-02 23:57:18,413 api_client Making POST request to http://localhost:5000/api/login
DEBUG 2025-05-02 23:57:18,413 api_client Request data: {'email': 'naitik@gmail.com', 'password': 'naitik123', 'role': 'user'}
INFO 2025-05-02 23:57:21,267 api_client Response status code: 200
DEBUG 2025-05-02 23:57:21,267 api_client Response content: {
  "message": "Login successful",
  "role": "user",
  "user_id": 2,
  "username": "Naitik"
}

INFO 2025-05-02 23:58:08,635 api_client API Client initialized with base URL: http://localhost:5000
INFO 2025-05-02 23:58:09,288 api_client API Client initialized with base URL: http://localhost:5000
INFO 2025-05-02 23:58:12,971 api_client API Client initialized with base URL: http://localhost:5000
INFO 2025-05-02 23:58:13,419 api_client API Client initialized with base URL: http://localhost:5000
INFO 2025-05-02 23:58:20,389 api_client API Client initialized with base URL: http://localhost:5000
INFO 2025-05-02 23:58:20,546 api_client API Client initialized with base URL: http://localhost:5000
INFO 2025-05-02 23:58:51,927 api_client Making POST request to http://localhost:5000/api/login
DEBUG 2025-05-02 23:58:51,927 api_client Request data: {'email': 'naitik@gmail.com', 'password': 'naitik123', 'role': 'user'}
INFO 2025-05-02 23:58:54,840 api_client Response status code: 200
DEBUG 2025-05-02 23:58:54,840 api_client Response content: {
  "message": "Login successful",
  "role": "user",
  "user_id": 2,
  "username": "Naitik"
}

INFO 2025-05-03 00:17:23,710 api_client Making POST request to http://localhost:5000/api/login
DEBUG 2025-05-03 00:17:23,716 api_client Request data: {'email': 'naitik@gmail.com', 'password': 'naitik123', 'role': 'user'}
INFO 2025-05-03 00:17:26,804 api_client Response status code: 200
DEBUG 2025-05-03 00:17:26,808 api_client Response content: {
  "message": "Login successful",
  "role": "user",
  "user_id": 2,
  "username": "Naitik"
}

INFO 2025-05-03 00:18:28,837 api_client API Client initialized with base URL: http://localhost:5000
INFO 2025-05-03 00:18:29,221 api_client API Client initialized with base URL: http://localhost:5000
INFO 2025-05-03 00:19:36,110 api_client Making POST request to http://localhost:5000/api/login
DEBUG 2025-05-03 00:19:36,110 api_client Request data: {'email': 'naitik@gmail.com', 'password': 'naitik123', 'role': 'user'}
INFO 2025-05-03 00:19:39,043 api_client Response status code: 200
DEBUG 2025-05-03 00:19:39,043 api_client Response content: {
  "message": "Login successful",
  "role": "user",
  "user_id": 2,
  "username": "Naitik"
}

INFO 2025-05-03 00:20:44,850 api_client Making POST request to http://localhost:5000/api/login
DEBUG 2025-05-03 00:20:44,850 api_client Request data: {'email': 'naitik@gmail.com', 'password': 'naitik123', 'role': 'user'}
INFO 2025-05-03 00:20:47,702 api_client Response status code: 200
DEBUG 2025-05-03 00:20:47,705 api_client Response content: {
  "message": "Login successful",
  "role": "user",
  "user_id": 2,
  "username": "Naitik"
}

